<?xml version="1.0" encoding="UTF-8"?>
<calculation>
    <push value="2" />
    <push value="3" />
    <operation value="+" />
    <store/>
    <push value="Result" />
    <push value="4" />
    <operation value="+" />
    <push value="Result" />
    <load/>
    <push value="Result" />
    <operation value="*" />
    <result value="45" />
</calculation>