<?xml version="1.0" encoding="UTF-8"?>
<calculation>
    <push value="0" />
    <operation value="cos" />
    <push value="Result" />
    <push value="2" />
    <operation value="+" />
    <push value="Result" />
    <push value="2" />
    <operation value="*" />
    <push value="Result" />
    <push value="4" />
    <operation value="%" />
    <store value = "A" /> //2
    <push value="6" />
    <push value="Result" />
    <operation value="/" />
    <store value = "B" /> //3
    <push value="90" />
    <operation value="sin" />
    <push value="Result" />
    <load value = "B" />
    <push value="Result" />
    <load value = "A" />
    <push value="Result" />
    <push value="4" />
    <load value = "A" />
    <push value="Result" />
    <operation value="dot" />
    <store value = "C" /> //14
    <load value = "B" />
    <push value="Result" />
    <load value = "C" />
    <push value="Result" />
    <operation value="random" />
    <push value="Result" />
    <load value = "A" />
    <push value="Result" />
    <operation value="-" />
    <result value="8" />
</calculation>